2024-11-27 11:10:10,404 ERROR: Exception on /prompts [GET] [in /home/runner/AudioMaster/.pythonlibs/lib/python3.11/site-packages/flask/app.py:875]
Traceback (most recent call last):
  File "/home/runner/AudioMaster/.pythonlibs/lib/python3.11/site-packages/sqlalchemy/engine/base.py", line 1967, in _exec_single_context
    self.dialect.do_execute(
  File "/home/runner/AudioMaster/.pythonlibs/lib/python3.11/site-packages/sqlalchemy/engine/default.py", line 941, in do_execute
    cursor.execute(statement, parameters)
psycopg2.errors.UndefinedColumn: column prompt_templates.version does not exist
LINE 1: ...emplates.is_active AS prompt_templates_is_active, prompt_tem...
                                                             ^


The above exception was the direct cause of the following exception:

Traceback (most recent call last):
  File "/home/runner/AudioMaster/.pythonlibs/lib/python3.11/site-packages/flask/app.py", line 1511, in wsgi_app
    response = self.full_dispatch_request()
               ^^^^^^^^^^^^^^^^^^^^^^^^^^^^
  File "/home/runner/AudioMaster/.pythonlibs/lib/python3.11/site-packages/flask/app.py", line 919, in full_dispatch_request
    rv = self.handle_user_exception(e)
         ^^^^^^^^^^^^^^^^^^^^^^^^^^^^^
  File "/home/runner/AudioMaster/.pythonlibs/lib/python3.11/site-packages/flask/app.py", line 917, in full_dispatch_request
    rv = self.dispatch_request()
         ^^^^^^^^^^^^^^^^^^^^^^^
  File "/home/runner/AudioMaster/.pythonlibs/lib/python3.11/site-packages/flask/app.py", line 902, in dispatch_request
    return self.ensure_sync(self.view_functions[rule.endpoint])(**view_args)  # type: ignore[no-any-return]
           ^^^^^^^^^^^^^^^^^^^^^^^^^^^^^^^^^^^^^^^^^^^^^^^^^^^^^^^^^^^^^^^^^
  File "/home/runner/AudioMaster/routes/prompts.py", line 9, in list_prompts
    prompts = PromptTemplate.query.all()
              ^^^^^^^^^^^^^^^^^^^^^^^^^^
  File "/home/runner/AudioMaster/.pythonlibs/lib/python3.11/site-packages/sqlalchemy/orm/query.py", line 2673, in all
    return self._iter().all()  # type: ignore
           ^^^^^^^^^^^^
  File "/home/runner/AudioMaster/.pythonlibs/lib/python3.11/site-packages/sqlalchemy/orm/query.py", line 2827, in _iter
    result: Union[ScalarResult[_T], Result[_T]] = self.session.execute(
                                                  ^^^^^^^^^^^^^^^^^^^^^
  File "/home/runner/AudioMaster/.pythonlibs/lib/python3.11/site-packages/sqlalchemy/orm/session.py", line 2362, in execute
    return self._execute_internal(
           ^^^^^^^^^^^^^^^^^^^^^^^
  File "/home/runner/AudioMaster/.pythonlibs/lib/python3.11/site-packages/sqlalchemy/orm/session.py", line 2247, in _execute_internal
    result: Result[Any] = compile_state_cls.orm_execute_statement(
                          ^^^^^^^^^^^^^^^^^^^^^^^^^^^^^^^^^^^^^^^^
  File "/home/runner/AudioMaster/.pythonlibs/lib/python3.11/site-packages/sqlalchemy/orm/context.py", line 305, in orm_execute_statement
    result = conn.execute(
             ^^^^^^^^^^^^^
  File "/home/runner/AudioMaster/.pythonlibs/lib/python3.11/site-packages/sqlalchemy/engine/base.py", line 1418, in execute
    return meth(
           ^^^^^
  File "/home/runner/AudioMaster/.pythonlibs/lib/python3.11/site-packages/sqlalchemy/sql/elements.py", line 515, in _execute_on_connection
    return connection._execute_clauseelement(
           ^^^^^^^^^^^^^^^^^^^^^^^^^^^^^^^^^^
  File "/home/runner/AudioMaster/.pythonlibs/lib/python3.11/site-packages/sqlalchemy/engine/base.py", line 1640, in _execute_clauseelement
    ret = self._execute_context(
          ^^^^^^^^^^^^^^^^^^^^^^
  File "/home/runner/AudioMaster/.pythonlibs/lib/python3.11/site-packages/sqlalchemy/engine/base.py", line 1846, in _execute_context
    return self._exec_single_context(
           ^^^^^^^^^^^^^^^^^^^^^^^^^^
  File "/home/runner/AudioMaster/.pythonlibs/lib/python3.11/site-packages/sqlalchemy/engine/base.py", line 1986, in _exec_single_context
    self._handle_dbapi_exception(
  File "/home/runner/AudioMaster/.pythonlibs/lib/python3.11/site-packages/sqlalchemy/engine/base.py", line 2355, in _handle_dbapi_exception
    raise sqlalchemy_exception.with_traceback(exc_info[2]) from e
  File "/home/runner/AudioMaster/.pythonlibs/lib/python3.11/site-packages/sqlalchemy/engine/base.py", line 1967, in _exec_single_context
    self.dialect.do_execute(
  File "/home/runner/AudioMaster/.pythonlibs/lib/python3.11/site-packages/sqlalchemy/engine/default.py", line 941, in do_execute
    cursor.execute(statement, parameters)
sqlalchemy.exc.ProgrammingError: (psycopg2.errors.UndefinedColumn) column prompt_templates.version does not exist
LINE 1: ...emplates.is_active AS prompt_templates_is_active, prompt_tem...
                                                             ^

[SQL: SELECT prompt_templates.id AS prompt_templates_id, prompt_templates.name AS prompt_templates_name, prompt_templates.description AS prompt_templates_description, prompt_templates.type AS prompt_templates_type, prompt_templates.template_content AS prompt_templates_template_content, prompt_templates.variables AS prompt_templates_variables, prompt_templates.is_active AS prompt_templates_is_active, prompt_templates.version AS prompt_templates_version, prompt_templates.last_edited_by AS prompt_templates_last_edited_by, prompt_templates.created_at AS prompt_templates_created_at, prompt_templates.updated_at AS prompt_templates_updated_at 
FROM prompt_templates]
(Background on this error at: https://sqlalche.me/e/20/f405)
2024-11-27 11:10:51,188 INFO: AudioV4 startup [in /home/runner/AudioMaster/app.py:48]
2024-11-27 11:13:50,237 INFO: AudioV4 startup [in /home/runner/AudioMaster/app.py:48]
2024-11-27 11:14:39,756 INFO: AudioV4 startup [in /home/runner/AudioMaster/app.py:48]
2024-11-27 11:14:41,325 INFO: AudioV4 startup [in /home/runner/AudioMaster/app.py:48]
2024-11-27 11:14:47,132 INFO: AudioV4 startup [in /home/runner/AudioMaster/app.py:48]
2024-11-27 11:15:10,049 INFO: AudioV4 startup [in /home/runner/AudioMaster/app.py:48]
2024-11-27 11:15:33,863 INFO: AudioV4 startup [in /home/runner/AudioMaster/app.py:48]
2024-11-27 11:15:35,384 INFO: AudioV4 startup [in /home/runner/AudioMaster/app.py:48]
2024-11-27 11:16:13,459 INFO: AudioV4 startup [in /home/runner/AudioMaster/app.py:48]
2024-11-27 11:16:15,254 INFO: AudioV4 startup [in /home/runner/AudioMaster/app.py:48]
2024-11-27 15:29:26,555 INFO: AudioV4 startup [in /Users/calsmith/CascadeProjects/AudioMaster/app.py:48]
2024-11-27 15:30:54,090 ERROR: Error getting routes: 'MapAdapter' object has no attribute 'iter_rules' [in /Users/calsmith/CascadeProjects/AudioMaster/routes/docs.py:37]
2024-11-27 15:34:28,419 INFO: AudioV4 startup [in /Users/calsmith/CascadeProjects/AudioMaster/app.py:48]
2024-11-27 15:38:11,169 INFO: AudioV4 startup [in /Users/calsmith/CascadeProjects/AudioMaster/app.py:48]
2024-11-27 15:38:21,964 INFO: AudioV4 startup [in /Users/calsmith/CascadeProjects/AudioMaster/app.py:48]
2024-11-27 15:38:36,337 INFO: AudioV4 startup [in /Users/calsmith/CascadeProjects/AudioMaster/app.py:48]
2024-11-27 15:39:36,676 INFO: AudioV4 startup [in /Users/calsmith/CascadeProjects/AudioMaster/app.py:48]
2024-11-27 15:39:55,166 INFO: AudioV4 startup [in /Users/calsmith/CascadeProjects/AudioMaster/app.py:48]
2024-11-27 15:43:06,130 INFO: AudioV4 startup [in /Users/calsmith/CascadeProjects/AudioMaster/app.py:48]
2024-11-27 15:44:08,494 INFO: AudioV4 startup [in /Users/calsmith/CascadeProjects/AudioMaster/app.py:48]
2024-11-27 15:44:54,689 INFO: AudioV4 startup [in /Users/calsmith/CascadeProjects/AudioMaster/app.py:48]
2024-11-27 15:44:55,330 INFO: AudioV4 startup [in /Users/calsmith/CascadeProjects/AudioMaster/app.py:48]
2024-11-27 15:49:25,664 INFO: AudioV4 startup [in /Users/calsmith/CascadeProjects/AudioMaster/app.py:48]
2024-11-27 15:50:36,551 INFO: Received outline generation request for response b9b760eb-7dd8-4829-bf73-4d61100b8652 [in /Users/calsmith/CascadeProjects/AudioMaster/routes/outlines.py:17]
2024-11-27 15:50:36,552 INFO: Request content type: application/json [in /Users/calsmith/CascadeProjects/AudioMaster/routes/outlines.py:18]
2024-11-27 15:50:36,552 INFO: Request is JSON: True [in /Users/calsmith/CascadeProjects/AudioMaster/routes/outlines.py:19]
2024-11-27 15:50:36,552 INFO: Received CSRF token: IjFhMWJkZjZmNzJmYWM2NzE4OTU2Nzc4ZjkyYWFhZGJkMTNjNzU5ZjUi.Z0cHhA._SrsWkFgFRTFBY7CB57QaDeNWug [in /Users/calsmith/CascadeProjects/AudioMaster/routes/outlines.py:31]
2024-11-27 15:50:36,579 INFO: Found response: <QuestionnaireResponse b9b760eb-7dd8-4829-bf73-4d61100b8652> [in /Users/calsmith/CascadeProjects/AudioMaster/routes/outlines.py:50]
2024-11-27 15:50:36,580 INFO: Response status: submitted [in /Users/calsmith/CascadeProjects/AudioMaster/routes/outlines.py:51]
2024-11-27 15:50:38,236 INFO: OpenAI API key verification successful [in /Users/calsmith/CascadeProjects/AudioMaster/services/ai_service.py:28]
2024-11-27 15:50:38,237 INFO: Starting outline generation for response b9b760eb-7dd8-4829-bf73-4d61100b8652 [in /Users/calsmith/CascadeProjects/AudioMaster/routes/outlines.py:70]
2024-11-27 15:50:38,247 INFO: Response data: {'0': {'0': 'hi'}} [in /Users/calsmith/CascadeProjects/AudioMaster/routes/outlines.py:78]
2024-11-27 15:50:38,247 INFO: Generating outline with OpenAI (attempt 1/2) [in /Users/calsmith/CascadeProjects/AudioMaster/services/ai_service.py:44]
2024-11-27 15:50:52,263 INFO: Successfully generated and validated outline [in /Users/calsmith/CascadeProjects/AudioMaster/services/ai_service.py:68]
2024-11-27 15:50:52,264 INFO: AI outline generation completed for response b9b760eb-7dd8-4829-bf73-4d61100b8652 [in /Users/calsmith/CascadeProjects/AudioMaster/routes/outlines.py:80]
2024-11-27 15:50:52,282 INFO: Outline saved to database with id 5ab21245-b796-4cfc-b2a3-192bfae6e69d [in /Users/calsmith/CascadeProjects/AudioMaster/routes/outlines.py:90]
